Determining if the pthread_create exist failed with the following output:
Change Dir: /home/michi/src/persistent-cache-cpp/trunk/build/CMakeFiles/CMakeTmp

Run Build Command:"/usr/bin/make" "cmTryCompileExec952130632/fast"
/usr/bin/make -f CMakeFiles/cmTryCompileExec952130632.dir/build.make CMakeFiles/cmTryCompileExec952130632.dir/build
make[1]: Entering directory '/home/michi/src/persistent-cache-cpp/trunk/build/CMakeFiles/CMakeTmp'
/usr/bin/cmake -E cmake_progress_report /home/michi/src/persistent-cache-cpp/trunk/build/CMakeFiles/CMakeTmp/CMakeFiles 1
Building C object CMakeFiles/cmTryCompileExec952130632.dir/CheckSymbolExists.c.o
/usr/lib/ccache/cc    -o CMakeFiles/cmTryCompileExec952130632.dir/CheckSymbolExists.c.o   -c /home/michi/src/persistent-cache-cpp/trunk/build/CMakeFiles/CMakeTmp/CheckSymbolExists.c
Linking C executable cmTryCompileExec952130632
/usr/bin/cmake -E cmake_link_script CMakeFiles/cmTryCompileExec952130632.dir/link.txt --verbose=1
/usr/lib/ccache/cc       CMakeFiles/cmTryCompileExec952130632.dir/CheckSymbolExists.c.o  -o cmTryCompileExec952130632 -rdynamic 
CMakeFiles/cmTryCompileExec952130632.dir/CheckSymbolExists.c.o: In function `main':
CheckSymbolExists.c:(.text+0x16): undefined reference to `pthread_create'
collect2: error: ld returned 1 exit status
CMakeFiles/cmTryCompileExec952130632.dir/build.make:88: recipe for target 'cmTryCompileExec952130632' failed
make[1]: Leaving directory '/home/michi/src/persistent-cache-cpp/trunk/build/CMakeFiles/CMakeTmp'
make[1]: *** [cmTryCompileExec952130632] Error 1
Makefile:117: recipe for target 'cmTryCompileExec952130632/fast' failed
make: *** [cmTryCompileExec952130632/fast] Error 2

File /home/michi/src/persistent-cache-cpp/trunk/build/CMakeFiles/CMakeTmp/CheckSymbolExists.c:
/* */
#include <pthread.h>

int main(int argc, char** argv)
{
  (void)argv;
#ifndef pthread_create
  return ((int*)(&pthread_create))[argc];
#else
  (void)argc;
  return 0;
#endif
}

Determining if the function pthread_create exists in the pthreads failed with the following output:
Change Dir: /home/michi/src/persistent-cache-cpp/trunk/build/CMakeFiles/CMakeTmp

Run Build Command:"/usr/bin/make" "cmTryCompileExec161061564/fast"
/usr/bin/make -f CMakeFiles/cmTryCompileExec161061564.dir/build.make CMakeFiles/cmTryCompileExec161061564.dir/build
make[1]: Entering directory '/home/michi/src/persistent-cache-cpp/trunk/build/CMakeFiles/CMakeTmp'
/usr/bin/cmake -E cmake_progress_report /home/michi/src/persistent-cache-cpp/trunk/build/CMakeFiles/CMakeTmp/CMakeFiles 1
Building C object CMakeFiles/cmTryCompileExec161061564.dir/CheckFunctionExists.c.o
/usr/lib/ccache/cc   -DCHECK_FUNCTION_EXISTS=pthread_create   -o CMakeFiles/cmTryCompileExec161061564.dir/CheckFunctionExists.c.o   -c /usr/share/cmake-3.2/Modules/CheckFunctionExists.c
Linking C executable cmTryCompileExec161061564
/usr/bin/cmake -E cmake_link_script CMakeFiles/cmTryCompileExec161061564.dir/link.txt --verbose=1
/usr/lib/ccache/cc   -DCHECK_FUNCTION_EXISTS=pthread_create    CMakeFiles/cmTryCompileExec161061564.dir/CheckFunctionExists.c.o  -o cmTryCompileExec161061564 -rdynamic -lpthreads 
/usr/bin/ld: cannot find -lpthreads
collect2: error: ld returned 1 exit status
CMakeFiles/cmTryCompileExec161061564.dir/build.make:88: recipe for target 'cmTryCompileExec161061564' failed
make[1]: Leaving directory '/home/michi/src/persistent-cache-cpp/trunk/build/CMakeFiles/CMakeTmp'
make[1]: *** [cmTryCompileExec161061564] Error 1
Makefile:117: recipe for target 'cmTryCompileExec161061564/fast' failed
make: *** [cmTryCompileExec161061564/fast] Error 2


